<?xml version="1.0" encoding="UTF-8"?>
<!-- Generated by org.testng.reporters.JUnitXMLReporter -->
<testsuite ignored="0" hostname="vijay" failures="2" tests="5" name="Test1" time="0.055" errors="0" timestamp="2024-04-28T10:20:58 IST">
  <testcase classname="AssertionsStuff.HardSoftAssertions" name="Test1" time="0.01">
    <failure type="java.lang.AssertionError" message="expected [true] but found [false]">
      <![CDATA[java.lang.AssertionError: expected [true] but found [false]
at AssertionsStuff.HardSoftAssertions.Test1(HardSoftAssertions.java:11)
at java.base/java.util.ArrayList.forEach(ArrayList.java:1596)
... Removed 29 stack frames]]>
    </failure>
  </testcase> <!-- Test1 -->
  <testcase classname="AssertionsStuff.HardSoftAssertions" name="Test2" time="0.005"/>
  <testcase classname="AssertionsStuff.HardSoftAssertions" name="Test3" time="0.001"/>
  <testcase classname="AssertionsStuff.HardSoftAssertions" name="Test4" time="0.001">
    <failure type="java.lang.AssertionError" message="expected [VIJAY] but found [vijay]">
      <![CDATA[java.lang.AssertionError: expected [VIJAY] but found [vijay]
at AssertionsStuff.HardSoftAssertions.Test4(HardSoftAssertions.java:30)
at java.base/java.util.ArrayList.forEach(ArrayList.java:1596)
... Removed 31 stack frames]]>
    </failure>
  </testcase> <!-- Test4 -->
  <testcase classname="AssertionsStuff.HardSoftAssertion_part2" name="sample" time="0.001"/>
</testsuite> <!-- Test1 -->
